#
# There is insufficient memory for the Java Runtime Environment to continue.
# Native memory allocation (malloc) failed to allocate 755616 bytes for Chunk::new
# Possible reasons:
#   The system is out of physical RAM or swap space
#   In 32 bit mode, the process size limit was hit
# Possible solutions:
#   Reduce memory load on the system
#   Increase physical memory or swap space
#   Check if swap backing store is full
#   Use 64 bit Java on a 64 bit OS
#   Decrease Java heap size (-Xmx/-Xms)
#   Decrease number of Java threads
#   Decrease Java thread stack sizes (-Xss)
#   Set larger code cache with -XX:ReservedCodeCacheSize=
# This output file may be truncated or incomplete.
#
#  Out of Memory Error (allocation.cpp:390), pid=11968, tid=0x00000000000033d8
#
# JRE version: Java(TM) SE Runtime Environment (8.0_181-b13) (build 1.8.0_181-b13)
# Java VM: Java HotSpot(TM) 64-Bit Server VM (25.181-b13 mixed mode windows-amd64 compressed oops)
# Failed to write core dump. Minidumps are not enabled by default on client versions of Windows
#

---------------  T H R E A D  ---------------

Current thread (0x0000000017159000):  JavaThread "C2 CompilerThread1" daemon [_thread_in_native, id=13272, stack(0x00000000188c0000,0x00000000189c0000)]

Stack: [0x00000000188c0000,0x00000000189c0000]
[error occurred during error reporting (printing stack bounds), id 0xc0000005]

Native frames: (J=compiled Java code, j=interpreted, Vv=VM code, C=native code)


Current CompileTask:
C2:  23376 2777       4       Pacman.Progam$9::handle (202 bytes)


---------------  P R O C E S S  ---------------

Java Threads: ( => current thread )
  0x00000000195bd800 JavaThread "Timer-3" daemon [_thread_blocked, id=19388, stack(0x0000000026520000,0x0000000026620000)]
  0x00000000195b8000 JavaThread "Media Resource Disposer" daemon [_thread_blocked, id=4860, stack(0x0000000023a00000,0x0000000023b00000)]
  0x00000000195b9800 JavaThread "JFXMedia Player EventQueueThread" daemon [_thread_blocked, id=20228, stack(0x0000000023700000,0x0000000023800000)]
  0x000000001954d000 JavaThread "JFXMedia Player EventQueueThread" daemon [_thread_blocked, id=20284, stack(0x0000000023200000,0x0000000023300000)]
  0x00000000195db800 JavaThread "JFXMedia Player EventQueueThread" daemon [_thread_blocked, id=21960, stack(0x0000000022c00000,0x0000000022d00000)]
  0x0000000019559800 JavaThread "JFXMedia Player EventQueueThread" daemon [_thread_blocked, id=2864, stack(0x0000000022500000,0x0000000022600000)]
  0x000000001948d000 JavaThread "JavaFX-Launcher" [_thread_blocked, id=4156, stack(0x0000000021ed0000,0x0000000021fd0000)]
  0x000000001947d000 JavaThread "pool-2-thread-1" [_thread_blocked, id=8904, stack(0x0000000021dd0000,0x0000000021ed0000)]
  0x0000000019465800 JavaThread "Prism Font Disposer" daemon [_thread_blocked, id=11280, stack(0x0000000021cd0000,0x0000000021dd0000)]
  0x0000000019424000 JavaThread "Thread-2" daemon [_thread_in_native, id=18212, stack(0x0000000020a20000,0x0000000020b20000)]
  0x0000000018e8a800 JavaThread "JavaFX Application Thread" [_thread_in_native, id=18104, stack(0x0000000019e10000,0x0000000019f10000)]
  0x0000000018eb8000 JavaThread "Thread-1" daemon [_thread_blocked, id=19736, stack(0x0000000019d10000,0x0000000019e10000)]
  0x0000000018e59800 JavaThread "QuantumRenderer-0" daemon [_thread_in_native, id=8788, stack(0x00000000192c0000,0x00000000193c0000)]
  0x00000000171ad000 JavaThread "Service Thread" daemon [_thread_blocked, id=11360, stack(0x0000000018ec0000,0x0000000018fc0000)]
  0x0000000017165000 JavaThread "C1 CompilerThread2" daemon [_thread_blocked, id=19572, stack(0x00000000189c0000,0x0000000018ac0000)]
=>0x0000000017159000 JavaThread "C2 CompilerThread1" daemon [_thread_in_native, id=13272, stack(0x00000000188c0000,0x00000000189c0000)]
  0x0000000017151000 JavaThread "C2 CompilerThread0" daemon [_thread_blocked, id=23044, stack(0x00000000187c0000,0x00000000188c0000)]
  0x000000001714d800 JavaThread "Attach Listener" daemon [_thread_blocked, id=22632, stack(0x00000000186c0000,0x00000000187c0000)]
  0x000000001714c000 JavaThread "Signal Dispatcher" daemon [_thread_blocked, id=18284, stack(0x00000000185c0000,0x00000000186c0000)]
  0x000000001713a800 JavaThread "Finalizer" daemon [_thread_blocked, id=14796, stack(0x00000000183c0000,0x00000000184c0000)]
  0x0000000017119000 JavaThread "Reference Handler" daemon [_thread_blocked, id=10456, stack(0x00000000182c0000,0x00000000183c0000)]
  0x000000000252d800 JavaThread "main" [_thread_blocked, id=19056, stack(0x00000000023a0000,0x00000000024a0000)]

Other Threads:
  0x0000000017117800 VMThread [stack: 0x00000000181c0000,0x00000000182c0000] [id=12544]
  0x0000000018af5800 WatcherThread [stack: 0x0000000018fc0000,0x00000000190c0000] [id=21476]

VM state:not at safepoint (normal execution)

VM Mutex/Monitor currently owned by a thread: None

Heap:
 PSYoungGen      total 38400K, used 8649K [0x00000000d5f80000, 0x00000000d8a00000, 0x0000000100000000)
  eden space 33280K, 10% used [0x00000000d5f80000,0x00000000d62f7a78,0x00000000d8000000)
  from space 5120K, 99% used [0x00000000d8000000,0x00000000d84faa40,0x00000000d8500000)
  to   space 5120K, 0% used [0x00000000d8500000,0x00000000d8500000,0x00000000d8a00000)
 ParOldGen       total 87552K, used 20110K [0x0000000081e00000, 0x0000000087380000, 0x00000000d5f80000)
  object space 87552K, 22% used [0x0000000081e00000,0x00000000831a3ac0,0x0000000087380000)
 Metaspace       used 15942K, capacity 16680K, committed 16768K, reserved 1062912K
  class space    used 2149K, capacity 2362K, committed 2432K, reserved 1048576K

Card table byte_map: [0x00000000119f0000,0x0000000011df0000] byte_map_base: 0x00000000115e1000

Marking Bits: (ParMarkBitMap*) 0x0000000074712d00
 Begin Bits: [0x00000000124a0000, 0x0000000014428000)
 End Bits:   [0x0000000014428000, 0x00000000163b0000)

Polling page: 0x0000000000b70000

CodeCache: size=245760Kb used=8779Kb max_used=8785Kb free=236980Kb
 bounds [0x0000000002630000, 0x0000000002ed0000, 0x0000000011630000]
 total_blobs=3433 nmethods=2776 adapters=569
 compilation: enabled

Compilation events (10 events):
Event: 22.782 Thread 0x0000000017159000 2772       4       java.util.WeakHashMap$EntryIterator::<init> (6 bytes)
Event: 22.782 Thread 0x0000000017165000 nmethod 2773 0x0000000002ebe810 code [0x0000000002ebe980, 0x0000000002ebeb08]
Event: 22.783 Thread 0x0000000017159000 nmethod 2772 0x0000000002ebe450 code [0x0000000002ebe5a0, 0x0000000002ebe688]
Event: 22.925 Thread 0x0000000017165000 2774       3       com.sun.prism.impl.BaseResourcePool::freeDisposalRequestedAndCheckResources (156 bytes)
Event: 22.927 Thread 0x0000000017165000 nmethod 2774 0x0000000002ec6390 code [0x0000000002ec65c0, 0x0000000002ec7608]
Event: 23.041 Thread 0x0000000017151000 2775   !   4       com.sun.javafx.sg.prism.NGNode::accumulateGroupDirtyRegion (652 bytes)
Event: 23.056 Thread 0x0000000017151000 nmethod 2775 0x0000000002ec7b50 code [0x0000000002ec7de0, 0x0000000002ec89d8]
Event: 23.075 Thread 0x0000000017165000 2776       3       com.sun.media.jfxmediaimpl.platform.gstreamer.GSTMedia::getNativeMediaRef (5 bytes)
Event: 23.075 Thread 0x0000000017165000 nmethod 2776 0x0000000002ebe110 code [0x0000000002ebe260, 0x0000000002ebe3b0]
Event: 23.214 Thread 0x0000000017159000 2777       4       Pacman.Progam$9::handle (202 bytes)

GC Heap History (6 events):
Event: 1.125 GC heap before
{Heap before GC invocations=1 (full 0):
 PSYoungGen      total 38400K, used 33280K [0x00000000d5f80000, 0x00000000d8a00000, 0x0000000100000000)
  eden space 33280K, 100% used [0x00000000d5f80000,0x00000000d8000000,0x00000000d8000000)
  from space 5120K, 0% used [0x00000000d8500000,0x00000000d8500000,0x00000000d8a00000)
  to   space 5120K, 0% used [0x00000000d8000000,0x00000000d8000000,0x00000000d8500000)
 ParOldGen       total 87552K, used 0K [0x0000000081e00000, 0x0000000087380000, 0x00000000d5f80000)
  object space 87552K, 0% used [0x0000000081e00000,0x0000000081e00000,0x0000000087380000)
 Metaspace       used 10919K, capacity 11304K, committed 11392K, reserved 1058816K
  class space    used 1497K, capacity 1608K, committed 1664K, reserved 1048576K
Event: 1.130 GC heap after
Heap after GC invocations=1 (full 0):
 PSYoungGen      total 38400K, used 3328K [0x00000000d5f80000, 0x00000000d8a00000, 0x0000000100000000)
  eden space 33280K, 0% used [0x00000000d5f80000,0x00000000d5f80000,0x00000000d8000000)
  from space 5120K, 65% used [0x00000000d8000000,0x00000000d8340050,0x00000000d8500000)
  to   space 5120K, 0% used [0x00000000d8500000,0x00000000d8500000,0x00000000d8a00000)
 ParOldGen       total 87552K, used 8K [0x0000000081e00000, 0x0000000087380000, 0x00000000d5f80000)
  object space 87552K, 0% used [0x0000000081e00000,0x0000000081e02000,0x0000000087380000)
 Metaspace       used 10919K, capacity 11304K, committed 11392K, reserved 1058816K
  class space    used 1497K, capacity 1608K, committed 1664K, reserved 1048576K
}
Event: 5.486 GC heap before
{Heap before GC invocations=2 (full 0):
 PSYoungGen      total 38400K, used 36608K [0x00000000d5f80000, 0x00000000d8a00000, 0x0000000100000000)
  eden space 33280K, 100% used [0x00000000d5f80000,0x00000000d8000000,0x00000000d8000000)
  from space 5120K, 65% used [0x00000000d8000000,0x00000000d8340050,0x00000000d8500000)
  to   space 5120K, 0% used [0x00000000d8500000,0x00000000d8500000,0x00000000d8a00000)
 ParOldGen       total 87552K, used 8K [0x0000000081e00000, 0x0000000087380000, 0x00000000d5f80000)
  object space 87552K, 0% used [0x0000000081e00000,0x0000000081e02000,0x0000000087380000)
 Metaspace       used 15400K, capacity 16156K, committed 16256K, reserved 1062912K
  class space    used 2148K, capacity 2362K, committed 2432K, reserved 1048576K
Event: 5.498 GC heap after
Heap after GC invocations=2 (full 0):
 PSYoungGen      total 38400K, used 5098K [0x00000000d5f80000, 0x00000000d8a00000, 0x0000000100000000)
  eden space 33280K, 0% used [0x00000000d5f80000,0x00000000d5f80000,0x00000000d8000000)
  from space 5120K, 99% used [0x00000000d8500000,0x00000000d89faa40,0x00000000d8a00000)
  to   space 5120K, 0% used [0x00000000d8000000,0x00000000d8000000,0x00000000d8500000)
 ParOldGen       total 87552K, used 12188K [0x0000000081e00000, 0x0000000087380000, 0x00000000d5f80000)
  object space 87552K, 13% used [0x0000000081e00000,0x00000000829e71e0,0x0000000087380000)
 Metaspace       used 15400K, capacity 16156K, committed 16256K, reserved 1062912K
  class space    used 2148K, capacity 2362K, committed 2432K, reserved 1048576K
}
Event: 20.783 GC heap before
{Heap before GC invocations=3 (full 0):
 PSYoungGen      total 38400K, used 38378K [0x00000000d5f80000, 0x00000000d8a00000, 0x0000000100000000)
  eden space 33280K, 100% used [0x00000000d5f80000,0x00000000d8000000,0x00000000d8000000)
  from space 5120K, 99% used [0x00000000d8500000,0x00000000d89faa40,0x00000000d8a00000)
  to   space 5120K, 0% used [0x00000000d8000000,0x00000000d8000000,0x00000000d8500000)
 ParOldGen       total 87552K, used 12188K [0x0000000081e00000, 0x0000000087380000, 0x00000000d5f80000)
  object space 87552K, 13% used [0x0000000081e00000,0x00000000829e71e0,0x0000000087380000)
 Metaspace       used 15937K, capacity 16680K, committed 16768K, reserved 1062912K
  class space    used 2149K, capacity 2362K, committed 2432K, reserved 1048576K
Event: 20.789 GC heap after
Heap after GC invocations=3 (full 0):
 PSYoungGen      total 38400K, used 5098K [0x00000000d5f80000, 0x00000000d8a00000, 0x0000000100000000)
  eden space 33280K, 0% used [0x00000000d5f80000,0x00000000d5f80000,0x00000000d8000000)
  from space 5120K, 99% used [0x00000000d8000000,0x00000000d84faa40,0x00000000d8500000)
  to   space 5120K, 0% used [0x00000000d8500000,0x00000000d8500000,0x00000000d8a00000)
 ParOldGen       total 87552K, used 20110K [0x0000000081e00000, 0x0000000087380000, 0x00000000d5f80000)
  object space 87552K, 22% used [0x0000000081e00000,0x00000000831a3ac0,0x0000000087380000)
 Metaspace       used 15937K, capacity 16680K, committed 16768K, reserved 1062912K
  class space    used 2149K, capacity 2362K, committed 2432K, reserved 1048576K
}

Deoptimization events (10 events):
Event: 1.488 Thread 0x0000000018e8a800 Uncommon trap: reason=class_check action=maybe_recompile pc=0x000000000274cd68 method=java.lang.String.equals(Ljava/lang/Object;)Z @ 8
Event: 1.488 Thread 0x0000000018e8a800 Uncommon trap: reason=class_check action=maybe_recompile pc=0x000000000274cd68 method=java.lang.String.equals(Ljava/lang/Object;)Z @ 8
Event: 1.494 Thread 0x0000000018e8a800 Uncommon trap: reason=class_check action=maybe_recompile pc=0x000000000274cd68 method=java.lang.String.equals(Ljava/lang/Object;)Z @ 8
Event: 1.546 Thread 0x0000000018e8a800 Uncommon trap: reason=unstable_if action=reinterpret pc=0x00000000029af8a0 method=java.util.HashMap.putVal(ILjava/lang/Object;Ljava/lang/Object;ZZ)Ljava/lang/Object; @ 193
Event: 5.506 Thread 0x0000000018e59800 Uncommon trap: reason=unstable_if action=reinterpret pc=0x0000000002c3fed0 method=com.sun.javafx.sg.prism.NGNode.computeNodeRenderRoot(Lcom/sun/javafx/sg/prism/NodePath;Lcom/sun/javafx/geom/RectBounds;ILcom/sun/javafx/geom/transform/BaseTransform;Lcom/sun
Event: 10.468 Thread 0x0000000018e8a800 Uncommon trap: reason=unstable_if action=reinterpret pc=0x0000000002d37d9c method=javafx.scene.Node$LazyBoundsProperty.invalidate()V @ 4
Event: 11.551 Thread 0x0000000018e8a800 Uncommon trap: reason=unstable_if action=reinterpret pc=0x0000000002cdfb24 method=java.io.SequenceInputStream.read([BII)I @ 65
Event: 11.670 Thread 0x0000000018e8a800 Uncommon trap: reason=unstable_if action=reinterpret pc=0x0000000002d2bb50 method=java.lang.Math.min(DD)D @ 36
Event: 11.687 Thread 0x0000000018e59800 Uncommon trap: reason=unstable_if action=reinterpret pc=0x0000000002c909f8 method=com.sun.javafx.sg.prism.NGNode.getOpaqueRegion()Lcom/sun/javafx/geom/RectBounds; @ 30
Event: 22.275 Thread 0x0000000018e59800 Uncommon trap: reason=unstable_if action=reinterpret pc=0x0000000002eb72d4 method=com.sun.prism.impl.ManagedResource.bumpAge(I)V @ 7

Classes redefined (0 events):
No events

Internal exceptions (10 events):
Event: 0.210 Thread 0x000000000252d800 Exception <a 'java/lang/NoSuchFieldError': method resolution failed> (0x00000000d619bb58) thrown at [C:\re\workspace\8-2-build-windows-amd64-cygwin\jdk8u181\11358\hotspot\src\share\vm\prims\methodHandles.cpp, line 1167]
Event: 0.213 Thread 0x000000000252d800 Exception <a 'java/lang/NoSuchFieldError': method resolution failed> (0x00000000d61a8ed8) thrown at [C:\re\workspace\8-2-build-windows-amd64-cygwin\jdk8u181\11358\hotspot\src\share\vm\prims\methodHandles.cpp, line 1167]
Event: 0.236 Thread 0x000000000252d800 Exception <a 'java/security/PrivilegedActionException'> (0x00000000d62333e0) thrown at [C:\re\workspace\8-2-build-windows-amd64-cygwin\jdk8u181\11358\hotspot\src\share\vm\prims\jvm.cpp, line 1435]
Event: 0.236 Thread 0x000000000252d800 Exception <a 'java/security/PrivilegedActionException'> (0x00000000d62335f0) thrown at [C:\re\workspace\8-2-build-windows-amd64-cygwin\jdk8u181\11358\hotspot\src\share\vm\prims\jvm.cpp, line 1435]
Event: 0.237 Thread 0x000000000252d800 Exception <a 'java/security/PrivilegedActionException'> (0x00000000d6237260) thrown at [C:\re\workspace\8-2-build-windows-amd64-cygwin\jdk8u181\11358\hotspot\src\share\vm\prims\jvm.cpp, line 1435]
Event: 0.237 Thread 0x000000000252d800 Exception <a 'java/security/PrivilegedActionException'> (0x00000000d6237470) thrown at [C:\re\workspace\8-2-build-windows-amd64-cygwin\jdk8u181\11358\hotspot\src\share\vm\prims\jvm.cpp, line 1435]
Event: 0.237 Thread 0x000000000252d800 Exception <a 'java/lang/NullPointerException'> (0x00000000d6237a48) thrown at [C:\re\workspace\8-2-build-windows-amd64-cygwin\jdk8u181\11358\hotspot\src\share\vm\interpreter\linkResolver.cpp, line 1185]
Event: 0.807 Thread 0x0000000018e8a800 Exception <a 'java/lang/NullPointerException'> (0x00000000d6b6d468) thrown at [C:\re\workspace\8-2-build-windows-amd64-cygwin\jdk8u181\11358\hotspot\src\share\vm\interpreter\linkResolver.cpp, line 1185]
Event: 0.807 Thread 0x0000000018e8a800 Exception <a 'java/lang/NullPointerException'> (0x00000000d6b6d468) thrown at [C:\re\workspace\8-2-build-windows-amd64-cygwin\jdk8u181\11358\hotspot\src\share\vm\prims\jvm.cpp, line 1439]
Event: 1.004 Thread 0x0000000018e8a800 Implicit null exception at 0x0000000002863919 to 0x0000000002863ce5

Events (10 events):
Event: 20.789 Executing VM operation: ParallelGCFailedAllocation done
Event: 21.817 Thread 0x00000000195ba800 Thread added: 0x00000000195ba800
Event: 21.817 Thread 0x00000000195ba800 Thread exited: 0x00000000195ba800
Event: 21.817 Thread 0x00000000195bf000 Thread added: 0x00000000195bf000
Event: 21.817 Thread 0x00000000195bf000 Thread exited: 0x00000000195bf000
Event: 22.275 Thread 0x0000000018e59800 Uncommon trap: trap_request=0xffffff65 fr.pc=0x0000000002eb72d4
Event: 22.275 Thread 0x0000000018e59800 DEOPT PACKING pc=0x0000000002eb72d4 sp=0x00000000193be880
Event: 22.275 Thread 0x0000000018e59800 DEOPT UNPACKING pc=0x000000000267583b sp=0x00000000193be7a8 mode 2
Event: 22.781 loading class java/util/WeakHashMap$1
Event: 22.782 loading class java/util/WeakHashMap$1 done


Dynamic libraries:
0x00007ff62a5f0000 - 0x00007ff62a627000 	C:\Program Files\Java\jre1.8.0_181\bin\javaw.exe
0x00007ff9481a0000 - 0x00007ff948390000 	C:\WINDOWS\SYSTEM32\ntdll.dll
0x00007ff9479f0000 - 0x00007ff947aa2000 	C:\WINDOWS\System32\KERNEL32.DLL
0x00007ff9455c0000 - 0x00007ff945863000 	C:\WINDOWS\System32\KERNELBASE.dll
0x00007ff9475a0000 - 0x00007ff947643000 	C:\WINDOWS\System32\ADVAPI32.dll
0x00007ff947500000 - 0x00007ff94759e000 	C:\WINDOWS\System32\msvcrt.dll
0x00007ff947650000 - 0x00007ff9476e7000 	C:\WINDOWS\System32\sechost.dll
0x00007ff9464d0000 - 0x00007ff9465f0000 	C:\WINDOWS\System32\RPCRT4.dll
0x00007ff946270000 - 0x00007ff946404000 	C:\WINDOWS\System32\USER32.dll
0x00007ff945250000 - 0x00007ff945271000 	C:\WINDOWS\System32\win32u.dll
0x00007ff947dc0000 - 0x00007ff947de6000 	C:\WINDOWS\System32\GDI32.dll
0x00007ff945280000 - 0x00007ff945414000 	C:\WINDOWS\System32\gdi32full.dll
0x00007ff945130000 - 0x00007ff9451ce000 	C:\WINDOWS\System32\msvcp_win.dll
0x00007ff945440000 - 0x00007ff94553a000 	C:\WINDOWS\System32\ucrtbase.dll
0x00007ff926660000 - 0x00007ff9268e5000 	C:\WINDOWS\WinSxS\amd64_microsoft.windows.common-controls_6595b64144ccf1df_6.0.18362.535_none_e6c3b34713100821\COMCTL32.dll
0x00007ff947e20000 - 0x00007ff948156000 	C:\WINDOWS\System32\combase.dll
0x00007ff945540000 - 0x00007ff9455c0000 	C:\WINDOWS\System32\bcryptPrimitives.dll
0x00007ff947df0000 - 0x00007ff947e1e000 	C:\WINDOWS\System32\IMM32.DLL
0x0000000075820000 - 0x00000000758f2000 	C:\Program Files\Java\jre1.8.0_181\bin\msvcr100.dll
0x0000000073ef0000 - 0x0000000074792000 	C:\Program Files\Java\jre1.8.0_181\bin\server\jvm.dll
0x00007ff9464c0000 - 0x00007ff9464c8000 	C:\WINDOWS\System32\PSAPI.DLL
0x00007ff937ad0000 - 0x00007ff937ad9000 	C:\WINDOWS\SYSTEM32\WSOCK32.dll
0x00007ff942a90000 - 0x00007ff942ab4000 	C:\WINDOWS\SYSTEM32\WINMM.dll
0x00007ff93d200000 - 0x00007ff93d20a000 	C:\WINDOWS\SYSTEM32\VERSION.dll
0x00007ff947980000 - 0x00007ff9479ef000 	C:\WINDOWS\System32\WS2_32.dll
0x00007ff942a60000 - 0x00007ff942a8d000 	C:\WINDOWS\SYSTEM32\winmmbase.dll
0x00007ff945200000 - 0x00007ff94524a000 	C:\WINDOWS\System32\cfgmgr32.dll
0x00000000759d0000 - 0x00000000759df000 	C:\Program Files\Java\jre1.8.0_181\bin\verify.dll
0x00000000759a0000 - 0x00000000759c9000 	C:\Program Files\Java\jre1.8.0_181\bin\java.dll
0x0000000075980000 - 0x0000000075996000 	C:\Program Files\Java\jre1.8.0_181\bin\zip.dll
0x00007ff9466c0000 - 0x00007ff946da5000 	C:\WINDOWS\System32\SHELL32.dll
0x00007ff946410000 - 0x00007ff9464b9000 	C:\WINDOWS\System32\shcore.dll
0x00007ff945920000 - 0x00007ff94609f000 	C:\WINDOWS\System32\windows.storage.dll
0x00007ff9450a0000 - 0x00007ff9450bf000 	C:\WINDOWS\System32\profapi.dll
0x00007ff9450e0000 - 0x00007ff94512a000 	C:\WINDOWS\System32\powrprof.dll
0x00007ff945070000 - 0x00007ff945080000 	C:\WINDOWS\System32\UMPDC.dll
0x00007ff946e10000 - 0x00007ff946e62000 	C:\WINDOWS\System32\shlwapi.dll
0x00007ff945080000 - 0x00007ff945091000 	C:\WINDOWS\System32\kernel.appcore.dll
0x00007ff945420000 - 0x00007ff945437000 	C:\WINDOWS\System32\cryptsp.dll
0x00000000024a0000 - 0x00000000024a3000 	C:\Program Files\Java\jre1.8.0_181\bin\api-ms-win-core-console-l1-1-0.dll
0x00000000024b0000 - 0x00000000024b3000 	C:\Program Files\Java\jre1.8.0_181\bin\api-ms-win-core-datetime-l1-1-0.dll
0x00000000024c0000 - 0x00000000024c3000 	C:\Program Files\Java\jre1.8.0_181\bin\api-ms-win-core-debug-l1-1-0.dll
0x00000000024d0000 - 0x00000000024d3000 	C:\Program Files\Java\jre1.8.0_181\bin\api-ms-win-core-errorhandling-l1-1-0.dll
0x00000000024e0000 - 0x00000000024e4000 	C:\Program Files\Java\jre1.8.0_181\bin\api-ms-win-core-file-l1-1-0.dll
0x00000000024f0000 - 0x00000000024f3000 	C:\Program Files\Java\jre1.8.0_181\bin\api-ms-win-core-file-l1-2-0.dll
0x0000000002500000 - 0x0000000002503000 	C:\Program Files\Java\jre1.8.0_181\bin\api-ms-win-core-file-l2-1-0.dll
0x0000000002510000 - 0x0000000002513000 	C:\Program Files\Java\jre1.8.0_181\bin\api-ms-win-core-handle-l1-1-0.dll
0x00000000190c0000 - 0x00000000190c3000 	C:\Program Files\Java\jre1.8.0_181\bin\api-ms-win-core-heap-l1-1-0.dll
0x00000000190d0000 - 0x00000000190d3000 	C:\Program Files\Java\jre1.8.0_181\bin\api-ms-win-core-interlocked-l1-1-0.dll
0x00000000190e0000 - 0x00000000190e3000 	C:\Program Files\Java\jre1.8.0_181\bin\api-ms-win-core-libraryloader-l1-1-0.dll
0x00000000190f0000 - 0x00000000190f3000 	C:\Program Files\Java\jre1.8.0_181\bin\api-ms-win-core-localization-l1-2-0.dll
0x0000000019100000 - 0x0000000019103000 	C:\Program Files\Java\jre1.8.0_181\bin\api-ms-win-core-memory-l1-1-0.dll
0x0000000019110000 - 0x0000000019113000 	C:\Program Files\Java\jre1.8.0_181\bin\api-ms-win-core-namedpipe-l1-1-0.dll
0x0000000019120000 - 0x0000000019123000 	C:\Program Files\Java\jre1.8.0_181\bin\api-ms-win-core-processenvironment-l1-1-0.dll
0x0000000019130000 - 0x0000000019133000 	C:\Program Files\Java\jre1.8.0_181\bin\api-ms-win-core-processthreads-l1-1-0.dll
0x0000000019140000 - 0x0000000019143000 	C:\Program Files\Java\jre1.8.0_181\bin\api-ms-win-core-processthreads-l1-1-1.dll
0x0000000019150000 - 0x0000000019153000 	C:\Program Files\Java\jre1.8.0_181\bin\api-ms-win-core-profile-l1-1-0.dll
0x0000000019160000 - 0x0000000019163000 	C:\Program Files\Java\jre1.8.0_181\bin\api-ms-win-core-rtlsupport-l1-1-0.dll
0x0000000019170000 - 0x0000000019173000 	C:\Program Files\Java\jre1.8.0_181\bin\api-ms-win-core-string-l1-1-0.dll
0x0000000019180000 - 0x0000000019183000 	C:\Program Files\Java\jre1.8.0_181\bin\api-ms-win-core-synch-l1-1-0.dll
0x0000000019190000 - 0x0000000019193000 	C:\Program Files\Java\jre1.8.0_181\bin\api-ms-win-core-synch-l1-2-0.dll
0x00000000191a0000 - 0x00000000191a3000 	C:\Program Files\Java\jre1.8.0_181\bin\api-ms-win-core-sysinfo-l1-1-0.dll
0x00000000191b0000 - 0x00000000191b3000 	C:\Program Files\Java\jre1.8.0_181\bin\api-ms-win-core-timezone-l1-1-0.dll
0x00000000191c0000 - 0x00000000191c3000 	C:\Program Files\Java\jre1.8.0_181\bin\api-ms-win-core-util-l1-1-0.dll
0x00000000191d0000 - 0x00000000191d3000 	C:\Program Files\Java\jre1.8.0_181\bin\api-ms-win-crt-conio-l1-1-0.dll
0x00000000191e0000 - 0x00000000191e4000 	C:\Program Files\Java\jre1.8.0_181\bin\api-ms-win-crt-convert-l1-1-0.dll
0x00000000191f0000 - 0x00000000191f3000 	C:\Program Files\Java\jre1.8.0_181\bin\api-ms-win-crt-environment-l1-1-0.dll
0x0000000019200000 - 0x0000000019203000 	C:\Program Files\Java\jre1.8.0_181\bin\api-ms-win-crt-filesystem-l1-1-0.dll
0x0000000019210000 - 0x0000000019213000 	C:\Program Files\Java\jre1.8.0_181\bin\api-ms-win-crt-heap-l1-1-0.dll
0x0000000019220000 - 0x0000000019223000 	C:\Program Files\Java\jre1.8.0_181\bin\api-ms-win-crt-locale-l1-1-0.dll
0x0000000019230000 - 0x0000000019235000 	C:\Program Files\Java\jre1.8.0_181\bin\api-ms-win-crt-math-l1-1-0.dll
0x0000000019240000 - 0x0000000019245000 	C:\Program Files\Java\jre1.8.0_181\bin\api-ms-win-crt-multibyte-l1-1-0.dll
0x0000000019250000 - 0x0000000019260000 	C:\Program Files\Java\jre1.8.0_181\bin\api-ms-win-crt-private-l1-1-0.dll
0x0000000019260000 - 0x0000000019263000 	C:\Program Files\Java\jre1.8.0_181\bin\api-ms-win-crt-process-l1-1-0.dll
0x0000000019270000 - 0x0000000019274000 	C:\Program Files\Java\jre1.8.0_181\bin\api-ms-win-crt-runtime-l1-1-0.dll
0x0000000019280000 - 0x0000000019284000 	C:\Program Files\Java\jre1.8.0_181\bin\api-ms-win-crt-stdio-l1-1-0.dll
0x0000000019290000 - 0x0000000019294000 	C:\Program Files\Java\jre1.8.0_181\bin\api-ms-win-crt-string-l1-1-0.dll
0x00000000192a0000 - 0x00000000192a3000 	C:\Program Files\Java\jre1.8.0_181\bin\api-ms-win-crt-time-l1-1-0.dll
0x00000000192b0000 - 0x00000000192b3000 	C:\Program Files\Java\jre1.8.0_181\bin\api-ms-win-crt-utility-l1-1-0.dll
0x00007ff925890000 - 0x00007ff925986000 	C:\Program Files\Java\jre1.8.0_181\bin\ucrtbase.dll
0x00007ff937620000 - 0x00007ff937636000 	C:\Program Files\Java\jre1.8.0_181\bin\vcruntime140.dll
0x00007ff925790000 - 0x00007ff92582c000 	C:\Program Files\Java\jre1.8.0_181\bin\msvcp140.dll
0x00007ff925a30000 - 0x00007ff925a81000 	C:\Program Files\Java\jre1.8.0_181\bin\concrt140.dll
0x00000000757f0000 - 0x0000000075813000 	C:\Program Files\Java\jre1.8.0_181\bin\prism_d3d.dll
0x00007ff918cc0000 - 0x00007ff918e87000 	C:\WINDOWS\system32\d3d9.dll
0x00007ff943810000 - 0x00007ff94383d000 	C:\WINDOWS\SYSTEM32\dwmapi.dll
0x00007ff943ce0000 - 0x00007ff943d00000 	C:\WINDOWS\SYSTEM32\dxcore.dll
0x00007ff9433d0000 - 0x00007ff943469000 	C:\WINDOWS\system32\uxtheme.dll
0x00007ff932d60000 - 0x00007ff932f20000 	C:\WINDOWS\System32\DriverStore\FileRepository\iigd_dch.inf_amd64_38bfcb542ef4272e\igdumdim64.dll
0x00007ff93bb00000 - 0x00007ff93bc52000 	C:\WINDOWS\System32\DriverStore\FileRepository\iigd_dch.inf_amd64_38bfcb542ef4272e\igdgmm64.dll
0x00000000757a0000 - 0x00000000757e9000 	C:\Program Files\Java\jre1.8.0_181\bin\glass.dll
0x00007ff9465f0000 - 0x00007ff9466c0000 	C:\WINDOWS\System32\COMDLG32.dll
0x00007ff947ab0000 - 0x00007ff947c06000 	C:\WINDOWS\System32\ole32.dll
0x00007ff9477a0000 - 0x00007ff947864000 	C:\WINDOWS\System32\OLEAUT32.dll
0x00007ff946f50000 - 0x00007ff947085000 	C:\WINDOWS\System32\MSCTF.dll
0x00007ff8ec450000 - 0x00007ff8f002b000 	C:\WINDOWS\System32\DriverStore\FileRepository\iigd_dch.inf_amd64_38bfcb542ef4272e\igd9dxva64.dll
0x00007ff92f870000 - 0x00007ff92f892000 	C:\WINDOWS\System32\DriverStore\FileRepository\iigd_dch.inf_amd64_38bfcb542ef4272e\igdinfo64.dll
0x00007ff9396b0000 - 0x00007ff93ba06000 	C:\WINDOWS\System32\DriverStore\FileRepository\iigd_dch.inf_amd64_38bfcb542ef4272e\igc64.dll
0x0000000075780000 - 0x0000000075794000 	C:\Program Files\Java\jre1.8.0_181\bin\javafx_font.dll
0x00007ff933c10000 - 0x00007ff933f0e000 	C:\WINDOWS\SYSTEM32\dwrite.dll
0x0000000075700000 - 0x0000000075774000 	C:\Program Files\Java\jre1.8.0_181\bin\glib-lite.dll
0x0000000075660000 - 0x00000000756fc000 	C:\Program Files\Java\jre1.8.0_181\bin\gstreamer-lite.dll
0x00007ff92b570000 - 0x00007ff92b609000 	C:\WINDOWS\SYSTEM32\DSOUND.dll
0x0000000075630000 - 0x0000000075656000 	C:\Program Files\Java\jre1.8.0_181\bin\jfxmedia.dll
0x0000000075960000 - 0x000000007597a000 	C:\Program Files\Java\jre1.8.0_181\bin\net.dll
0x00007ff944880000 - 0x00007ff9448e7000 	C:\WINDOWS\system32\mswsock.dll
0x0000000075940000 - 0x0000000075951000 	C:\Program Files\Java\jre1.8.0_181\bin\nio.dll
0x00007ff944f90000 - 0x00007ff944fbf000 	C:\WINDOWS\SYSTEM32\SspiCli.dll
0x00000000755f0000 - 0x0000000075621000 	C:\Program Files\Java\jre1.8.0_181\bin\fxplugins.dll
0x00007ff9476f0000 - 0x00007ff947792000 	C:\WINDOWS\System32\clbcatq.dll
0x00007ff93d210000 - 0x00007ff93d282000 	C:\WINDOWS\System32\MMDevApi.dll
0x00007ff944e70000 - 0x00007ff944e9a000 	C:\WINDOWS\System32\DEVOBJ.dll
0x00007ff93da00000 - 0x00007ff93db5d000 	C:\WINDOWS\SYSTEM32\AUDIOSES.DLL
0x00007ff941140000 - 0x00007ff941293000 	C:\WINDOWS\SYSTEM32\wintypes.dll
0x00007ff943720000 - 0x00007ff943734000 	C:\WINDOWS\SYSTEM32\resourcepolicyclient.dll
0x00007ff937710000 - 0x00007ff93773a000 	C:\Windows\System32\qasf.dll
0x00007ff936ef0000 - 0x00007ff936efb000 	C:\Windows\System32\msdmo.dll
0x00007ff925420000 - 0x00007ff925672000 	C:\Windows\System32\WMVCore.DLL
0x00007ff935ac0000 - 0x00007ff935b14000 	C:\Windows\System32\WMASF.DLL
0x00007ff92c590000 - 0x00007ff92c6bd000 	C:\Windows\System32\mfperfhelper.dll
0x00007ff93e370000 - 0x00007ff93e38c000 	C:\Windows\System32\mp3dmod.dll
0x00007ff924d30000 - 0x00007ff924f2a000 	C:\WINDOWS\SYSTEM32\mfplat.DLL
0x00007ff924f90000 - 0x00007ff924fbf000 	C:\WINDOWS\SYSTEM32\RTWorkQ.DLL
0x00007ff925e30000 - 0x00007ff925ff4000 	C:\Windows\System32\quartz.dll
0x00007ff9451d0000 - 0x00007ff9451f6000 	C:\WINDOWS\System32\bcrypt.dll
0x00000000755c0000 - 0x00000000755e3000 	C:\Program Files\Java\jre1.8.0_181\bin\javafx_iio.dll
0x00007ff93f480000 - 0x00007ff93f62f000 	C:\WINDOWS\SYSTEM32\WindowsCodecs.dll
0x00007ff920820000 - 0x00007ff92085a000 	C:\WINDOWS\system32\dataexchange.dll

VM Arguments:
jvm_args: -Dfile.encoding=Cp1252 
java_command: Pacman.Progam
java_class_path (initial): C:\Users\Yassine Hero\eclipse-workspace\javaFX\bin;E:\C donwload 3\com.mysql.jdbc_5.1.5.jar\com.mysql.jdbc_5.1.5.jar
Launcher Type: SUN_STANDARD

Environment Variables:
PATH=C:/Program Files/Java/jre1.8.0_181/bin/server;C:/Program Files/Java/jre1.8.0_181/bin;C:/Program Files/Java/jre1.8.0_181/lib/amd64;C:\Program Files (x86)\Common Files\Oracle\Java\javapath;C:\WINDOWS\system32;C:\WINDOWS;C:\WINDOWS\System32\Wbem;C:\WINDOWS\System32\WindowsPowerShell\v1.0\;C:\Program Files\nodejs\;C:\WINDOWS\System32\OpenSSH\;C:\Program Files\Git\cmd;C:\Users\Yassine Hero\AppData\Local\Microsoft\WindowsApps;C:\Users\Yassine Hero\AppData\Local\Programs\Microsoft VS Code\bin;C:\Users\Yassine Hero\AppData\Roaming\npm;C:\Program Files\MongoDB\Server\4.2\bin;C:\Users\Yassine Hero\eclipse\java-2019-09\eclipse;
USERNAME=Yassine Hero
OS=Windows_NT
PROCESSOR_IDENTIFIER=Intel64 Family 6 Model 142 Stepping 9, GenuineIntel



---------------  S Y S T E M  ---------------

OS: Windows 10.0 , 64 bit Build 18362 (10.0.18362.329)

CPU:total 4 (initial active 4) (2 cores per cpu, 2 threads per core) family 6 model 142 stepping 9, cmov, cx8, fxsr, mmx, sse, sse2, sse3, ssse3, sse4.1, sse4.2, popcnt, avx, avx2, aes, clmul, erms, 3dnowpref, lzcnt, ht, tsc, tscinvbit, bmi1, bmi2, adx

Memory: 4k page, physical 8260324k(483572k free), swap 33426148k(4380k free)

vm_info: Java HotSpot(TM) 64-Bit Server VM (25.181-b13) for windows-amd64 JRE (1.8.0_181-b13), built on Jul  7 2018 04:01:33 by "java_re" with MS VC++ 10.0 (VS2010)

time: Tue Jan 07 18:39:26 2020
elapsed time: 23 seconds (0d 0h 0m 23s)

